<?xml version="1.0" encoding="UTF-8"?>
<!-- Generated by org.testng.reporters.JUnitReportReporter -->
<testsuite hostname="Thejuss-MacBook-Air.local" failures="0" tests="1" name="com.testscenarios.AutoTesting_Login" time="62.588" errors="0" timestamp="2024-09-03T19:43:13 EDT" skipped="0">
  <testcase classname="com.testscenarios.AutoTesting_Login" name="test" time="62.588"/>
</testsuite> <!-- com.testscenarios.AutoTesting_Login -->
