<?xml version="1.0" encoding="UTF-8"?>
<!-- Generated by org.testng.reporters.JUnitReportReporter -->
<testsuite hostname="Thejuss-MacBook-Air.local" failures="0" tests="1" name="com.testscenarios.UserLogin" time="20.952" errors="0" timestamp="2024-09-05T19:27:41 EDT" skipped="0">
  <testcase classname="com.testscenarios.UserLogin" name="f" time="20.952"/>
</testsuite> <!-- com.testscenarios.UserLogin -->
