<?xml version="1.0" encoding="UTF-8"?>
<!-- Generated by org.testng.reporters.JUnitReportReporter -->
<testsuite hostname="Thejuss-MacBook-Air.local" failures="0" tests="1" name="com.testscenarios.LoginTest" time="30.252" errors="0" timestamp="2024-09-04T20:12:47 EDT" skipped="0">
  <testcase classname="com.testscenarios.LoginTest" name="f" time="30.252"/>
</testsuite> <!-- com.testscenarios.LoginTest -->
